2018-01-31 22:18:07,478 INFO  [SoapUI] Adding [C:\MyFolder\Eclipse_workspace\ApiDemo\ext\Framework-1.0-SNAPSHOT.jar] to extensions classpath
2018-01-31 22:18:07,483 INFO  [SoapUI] Adding [C:\MyFolder\Eclipse_workspace\ApiDemo\ext\groovy-all-2.4.12.jar] to extensions classpath
2018-01-31 22:18:07,483 INFO  [SoapUI] Adding [C:\MyFolder\Eclipse_workspace\ApiDemo\ext\guava-18.0.jar] to extensions classpath
2018-01-31 22:18:07,483 INFO  [SoapUI] Adding [C:\MyFolder\Eclipse_workspace\ApiDemo\ext\snakeyaml-1.16.jar] to extensions classpath
2018-01-31 22:18:07,919 INFO  [DefaultSoapUICore] initialized soapui-settings from [C:\Users\siva\soapui-settings.xml]
2018-01-31 22:18:09,876 INFO  [PluginManager] 0 plugins loaded in 2 ms
2018-01-31 22:18:09,876 INFO  [DefaultSoapUICore] All plugins loaded
2018-01-31 22:18:11,883 INFO  [WsdlProject] Loaded project from [file:/C:/MyFolder/SoapUi/Demo-soapui-project.xml]
2018-01-31 22:18:11,908 INFO  [SoapUITestCaseRunner] Running SoapUI tests in project [Demo]
2018-01-31 22:18:11,909 INFO  [SoapUITestCaseRunner] Running Project [Demo], runType = SEQUENTIAL
2018-01-31 22:18:11,958 INFO  [SoapUITestCaseRunner] Running SoapUI testcase [TestCase 1]
2018-01-31 22:18:11,959 INFO  [SoapUITestCaseRunner] running step [Groovy Script]
2018-01-31 22:18:12,614 INFO  [log] #############################################
2018-01-31 22:18:12,699 ERROR [SoapUI] An error occurred [java.lang.NullPointerException], see error log for details
2018-01-31 22:18:12,700 ERROR [errorlog] java.lang.NullPointerException
java.lang.NullPointerException
	at com.demo.config.Configuration.getConfig(Configuration.java:25)
	at sun.reflect.NativeMethodAccessorImpl.invoke0(Native Method)
	at sun.reflect.NativeMethodAccessorImpl.invoke(NativeMethodAccessorImpl.java:62)
	at sun.reflect.DelegatingMethodAccessorImpl.invoke(DelegatingMethodAccessorImpl.java:43)
	at java.lang.reflect.Method.invoke(Method.java:498)
	at org.codehaus.groovy.runtime.callsite.PojoMetaMethodSite$PojoCachedMethodSite.invoke(PojoMetaMethodSite.java:189)
	at org.codehaus.groovy.runtime.callsite.PojoMetaMethodSite.call(PojoMetaMethodSite.java:53)
	at org.codehaus.groovy.runtime.callsite.CallSiteArray.defaultCall(CallSiteArray.java:45)
	at org.codehaus.groovy.runtime.callsite.AbstractCallSite.call(AbstractCallSite.java:108)
	at org.codehaus.groovy.runtime.callsite.AbstractCallSite.call(AbstractCallSite.java:112)
	at Script1.run(Script1.groovy:6)
	at com.eviware.soapui.support.scripting.groovy.SoapUIGroovyScriptEngine.run(SoapUIGroovyScriptEngine.java:92)
	at com.eviware.soapui.impl.wsdl.teststeps.WsdlGroovyScriptTestStep.run(WsdlGroovyScriptTestStep.java:141)
	at com.eviware.soapui.impl.wsdl.support.AbstractTestCaseRunner.runTestStep(AbstractTestCaseRunner.java:211)
	at com.eviware.soapui.impl.wsdl.testcase.WsdlTestCaseRunner.runCurrentTestStep(WsdlTestCaseRunner.java:47)
	at com.eviware.soapui.impl.wsdl.support.AbstractTestCaseRunner.internalRun(AbstractTestCaseRunner.java:138)
	at com.eviware.soapui.impl.wsdl.support.AbstractTestCaseRunner.internalRun(AbstractTestCaseRunner.java:46)
	at com.eviware.soapui.impl.wsdl.support.AbstractTestRunner.run(AbstractTestRunner.java:129)
	at java.util.concurrent.Executors$RunnableAdapter.call(Executors.java:511)
	at java.util.concurrent.FutureTask.run(FutureTask.java:266)
	at java.util.concurrent.ThreadPoolExecutor.runWorker(ThreadPoolExecutor.java:1149)
	at java.util.concurrent.ThreadPoolExecutor$Worker.run(ThreadPoolExecutor.java:624)
	at java.lang.Thread.run(Thread.java:748)
2018-01-31 22:18:12,707 ERROR [SoapUITestCaseRunner] Groovy Script failed, exporting to [C:/MyFolder/SoapUi/soapui-output\TestSuite_1-TestCase_1-Groovy_Script-0-FAILED.txt]
2018-01-31 22:18:12,738 INFO  [SoapUITestCaseRunner] Finished running SoapUI testcase [TestCase 1], time taken: 731ms, status: FAILED
2018-01-31 22:18:12,739 INFO  [SoapUITestCaseRunner] Project [Demo] finished with status [FAILED] in 817ms
